[debug] [2023-11-19T07:21:26.247Z] ----------------------------------------------------------------------
[debug] [2023-11-19T07:21:26.248Z] Command:       /usr/local/bin/firebase /Users/simran/.cache/firebase/tools/lib/node_modules/firebase-tools/lib/bin/firebase init
[debug] [2023-11-19T07:21:26.249Z] CLI Version:   11.25.1
[debug] [2023-11-19T07:21:26.249Z] Platform:      darwin
[debug] [2023-11-19T07:21:26.249Z] Node Version:  v16.16.0
[debug] [2023-11-19T07:21:26.250Z] Time:          Sun Nov 19 2023 12:51:26 GMT+0530 (India Standard Time)
[debug] [2023-11-19T07:21:26.251Z] ----------------------------------------------------------------------
[debug] 
[debug] [2023-11-19T07:21:26.261Z] >>> [apiv2][query] GET https://firebase-public.firebaseio.com/cli.json [none]
[debug] [2023-11-19T07:21:26.361Z] > command requires scopes: ["email","openid","https://www.googleapis.com/auth/cloudplatformprojects.readonly","https://www.googleapis.com/auth/firebase","https://www.googleapis.com/auth/cloud-platform"]
[debug] [2023-11-19T07:21:26.362Z] > authorizing via signed-in user (simran.trilochan@anywhere.co)
[info] 
     ######## #### ########  ######## ########     ###     ######  ########
     ##        ##  ##     ## ##       ##     ##  ##   ##  ##       ##
     ######    ##  ########  ######   ########  #########  ######  ######
     ##        ##  ##    ##  ##       ##     ## ##     ##       ## ##
     ##       #### ##     ## ######## ########  ##     ##  ######  ########

You're about to initialize a Firebase project in this directory:

  /Users/simran

Before we get started, keep in mind:

  * You are initializing within an existing Firebase project directory

[debug] [2023-11-19T07:21:27.278Z] <<< [apiv2][status] GET https://firebase-public.firebaseio.com/cli.json 200
[debug] [2023-11-19T07:21:27.284Z] <<< [apiv2][body] GET https://firebase-public.firebaseio.com/cli.json {"cloudBuildErrorAfter":1594252800000,"cloudBuildWarnAfter":1590019200000,"defaultNode10After":1594252800000,"minVersion":"3.0.5","node8DeploysDisabledAfter":1613390400000,"node8RuntimeDisabledAfter":1615809600000,"node8WarnAfter":1600128000000}
